Created by PLY version 3.7 (http://www.dabeaz.com/ply)

Grammar

Rule 0     S' -> statement
Rule 1     statement -> NAME EQUALS expression
Rule 2     statement -> expression
Rule 3     statement -> expression SEMICOLON statement
Rule 4     statement -> <empty>
Rule 5     expression -> expression PLUS expression
Rule 6     expression -> expression MINUS expression
Rule 7     expression -> expression TIMES expression
Rule 8     expression -> expression DIVIDE expression
Rule 9     expression -> expression EQUALS expression
Rule 10    expression -> expression SUP expression
Rule 11    expression -> expression INF expression
Rule 12    expression -> expression SUPEG expression
Rule 13    expression -> expression INFEG expression
Rule 14    expression -> expression EG expression
Rule 15    expression -> expression NEG expression
Rule 16    expression -> expression SI expression
Rule 17    expression -> expression ALORS expression
Rule 18    expression -> expression SINON expression
Rule 19    expression -> MINUS expression
Rule 20    expression -> LPAREN expression RPAREN
Rule 21    expression -> NUMBER
Rule 22    expression -> NAME

Terminals, with rules where they appear

ALORS                : 17
DIVIDE               : 8
EG                   : 14
EQUALS               : 1 9
INF                  : 11
INFEG                : 13
LPAREN               : 20
MINUS                : 6 19
NAME                 : 1 22
NEG                  : 15
NUMBER               : 21
PLUS                 : 5
RPAREN               : 20
SEMICOLON            : 3
SI                   : 16
SINON                : 18
SUP                  : 10
SUPEG                : 12
TIMES                : 7
error                : 

Nonterminals, with rules where they appear

expression           : 1 2 3 5 5 6 6 7 7 8 8 9 9 10 10 11 11 12 12 13 13 14 14 15 15 16 16 17 17 18 18 19 20
statement            : 3 0

Parsing method: LALR

state 0

    (0) S' -> . statement
    (1) statement -> . NAME EQUALS expression
    (2) statement -> . expression
    (3) statement -> . expression SEMICOLON statement
    (4) statement -> .
    (5) expression -> . expression PLUS expression
    (6) expression -> . expression MINUS expression
    (7) expression -> . expression TIMES expression
    (8) expression -> . expression DIVIDE expression
    (9) expression -> . expression EQUALS expression
    (10) expression -> . expression SUP expression
    (11) expression -> . expression INF expression
    (12) expression -> . expression SUPEG expression
    (13) expression -> . expression INFEG expression
    (14) expression -> . expression EG expression
    (15) expression -> . expression NEG expression
    (16) expression -> . expression SI expression
    (17) expression -> . expression ALORS expression
    (18) expression -> . expression SINON expression
    (19) expression -> . MINUS expression
    (20) expression -> . LPAREN expression RPAREN
    (21) expression -> . NUMBER
    (22) expression -> . NAME

    NAME            shift and go to state 4
    $end            reduce using rule 4 (statement -> .)
    MINUS           shift and go to state 6
    LPAREN          shift and go to state 1
    NUMBER          shift and go to state 5

    statement                      shift and go to state 3
    expression                     shift and go to state 2

state 1

    (20) expression -> LPAREN . expression RPAREN
    (5) expression -> . expression PLUS expression
    (6) expression -> . expression MINUS expression
    (7) expression -> . expression TIMES expression
    (8) expression -> . expression DIVIDE expression
    (9) expression -> . expression EQUALS expression
    (10) expression -> . expression SUP expression
    (11) expression -> . expression INF expression
    (12) expression -> . expression SUPEG expression
    (13) expression -> . expression INFEG expression
    (14) expression -> . expression EG expression
    (15) expression -> . expression NEG expression
    (16) expression -> . expression SI expression
    (17) expression -> . expression ALORS expression
    (18) expression -> . expression SINON expression
    (19) expression -> . MINUS expression
    (20) expression -> . LPAREN expression RPAREN
    (21) expression -> . NUMBER
    (22) expression -> . NAME

    MINUS           shift and go to state 6
    LPAREN          shift and go to state 1
    NUMBER          shift and go to state 5
    NAME            shift and go to state 8

    expression                     shift and go to state 7

state 2

    (2) statement -> expression .
    (3) statement -> expression . SEMICOLON statement
    (5) expression -> expression . PLUS expression
    (6) expression -> expression . MINUS expression
    (7) expression -> expression . TIMES expression
    (8) expression -> expression . DIVIDE expression
    (9) expression -> expression . EQUALS expression
    (10) expression -> expression . SUP expression
    (11) expression -> expression . INF expression
    (12) expression -> expression . SUPEG expression
    (13) expression -> expression . INFEG expression
    (14) expression -> expression . EG expression
    (15) expression -> expression . NEG expression
    (16) expression -> expression . SI expression
    (17) expression -> expression . ALORS expression
    (18) expression -> expression . SINON expression

    $end            reduce using rule 2 (statement -> expression .)
    SEMICOLON       shift and go to state 12
    PLUS            shift and go to state 9
    MINUS           shift and go to state 22
    TIMES           shift and go to state 23
    DIVIDE          shift and go to state 20
    EQUALS          shift and go to state 18
    SUP             shift and go to state 16
    INF             shift and go to state 15
    SUPEG           shift and go to state 10
    INFEG           shift and go to state 17
    EG              shift and go to state 11
    NEG             shift and go to state 21
    SI              shift and go to state 14
    ALORS           shift and go to state 13
    SINON           shift and go to state 19


state 3

    (0) S' -> statement .



state 4

    (1) statement -> NAME . EQUALS expression
    (22) expression -> NAME .

  ! shift/reduce conflict for EQUALS resolved as shift
    EQUALS          shift and go to state 24
    SEMICOLON       reduce using rule 22 (expression -> NAME .)
    PLUS            reduce using rule 22 (expression -> NAME .)
    MINUS           reduce using rule 22 (expression -> NAME .)
    TIMES           reduce using rule 22 (expression -> NAME .)
    DIVIDE          reduce using rule 22 (expression -> NAME .)
    SUP             reduce using rule 22 (expression -> NAME .)
    INF             reduce using rule 22 (expression -> NAME .)
    SUPEG           reduce using rule 22 (expression -> NAME .)
    INFEG           reduce using rule 22 (expression -> NAME .)
    EG              reduce using rule 22 (expression -> NAME .)
    NEG             reduce using rule 22 (expression -> NAME .)
    SI              reduce using rule 22 (expression -> NAME .)
    ALORS           reduce using rule 22 (expression -> NAME .)
    SINON           reduce using rule 22 (expression -> NAME .)
    $end            reduce using rule 22 (expression -> NAME .)

  ! EQUALS          [ reduce using rule 22 (expression -> NAME .) ]


state 5

    (21) expression -> NUMBER .

    PLUS            reduce using rule 21 (expression -> NUMBER .)
    MINUS           reduce using rule 21 (expression -> NUMBER .)
    TIMES           reduce using rule 21 (expression -> NUMBER .)
    DIVIDE          reduce using rule 21 (expression -> NUMBER .)
    EQUALS          reduce using rule 21 (expression -> NUMBER .)
    SUP             reduce using rule 21 (expression -> NUMBER .)
    INF             reduce using rule 21 (expression -> NUMBER .)
    SUPEG           reduce using rule 21 (expression -> NUMBER .)
    INFEG           reduce using rule 21 (expression -> NUMBER .)
    EG              reduce using rule 21 (expression -> NUMBER .)
    NEG             reduce using rule 21 (expression -> NUMBER .)
    SI              reduce using rule 21 (expression -> NUMBER .)
    ALORS           reduce using rule 21 (expression -> NUMBER .)
    SINON           reduce using rule 21 (expression -> NUMBER .)
    SEMICOLON       reduce using rule 21 (expression -> NUMBER .)
    $end            reduce using rule 21 (expression -> NUMBER .)
    RPAREN          reduce using rule 21 (expression -> NUMBER .)


state 6

    (19) expression -> MINUS . expression
    (5) expression -> . expression PLUS expression
    (6) expression -> . expression MINUS expression
    (7) expression -> . expression TIMES expression
    (8) expression -> . expression DIVIDE expression
    (9) expression -> . expression EQUALS expression
    (10) expression -> . expression SUP expression
    (11) expression -> . expression INF expression
    (12) expression -> . expression SUPEG expression
    (13) expression -> . expression INFEG expression
    (14) expression -> . expression EG expression
    (15) expression -> . expression NEG expression
    (16) expression -> . expression SI expression
    (17) expression -> . expression ALORS expression
    (18) expression -> . expression SINON expression
    (19) expression -> . MINUS expression
    (20) expression -> . LPAREN expression RPAREN
    (21) expression -> . NUMBER
    (22) expression -> . NAME

    MINUS           shift and go to state 6
    LPAREN          shift and go to state 1
    NUMBER          shift and go to state 5
    NAME            shift and go to state 8

    expression                     shift and go to state 25

state 7

    (20) expression -> LPAREN expression . RPAREN
    (5) expression -> expression . PLUS expression
    (6) expression -> expression . MINUS expression
    (7) expression -> expression . TIMES expression
    (8) expression -> expression . DIVIDE expression
    (9) expression -> expression . EQUALS expression
    (10) expression -> expression . SUP expression
    (11) expression -> expression . INF expression
    (12) expression -> expression . SUPEG expression
    (13) expression -> expression . INFEG expression
    (14) expression -> expression . EG expression
    (15) expression -> expression . NEG expression
    (16) expression -> expression . SI expression
    (17) expression -> expression . ALORS expression
    (18) expression -> expression . SINON expression

    RPAREN          shift and go to state 26
    PLUS            shift and go to state 9
    MINUS           shift and go to state 22
    TIMES           shift and go to state 23
    DIVIDE          shift and go to state 20
    EQUALS          shift and go to state 18
    SUP             shift and go to state 16
    INF             shift and go to state 15
    SUPEG           shift and go to state 10
    INFEG           shift and go to state 17
    EG              shift and go to state 11
    NEG             shift and go to state 21
    SI              shift and go to state 14
    ALORS           shift and go to state 13
    SINON           shift and go to state 19


state 8

    (22) expression -> NAME .

    PLUS            reduce using rule 22 (expression -> NAME .)
    MINUS           reduce using rule 22 (expression -> NAME .)
    TIMES           reduce using rule 22 (expression -> NAME .)
    DIVIDE          reduce using rule 22 (expression -> NAME .)
    EQUALS          reduce using rule 22 (expression -> NAME .)
    SUP             reduce using rule 22 (expression -> NAME .)
    INF             reduce using rule 22 (expression -> NAME .)
    SUPEG           reduce using rule 22 (expression -> NAME .)
    INFEG           reduce using rule 22 (expression -> NAME .)
    EG              reduce using rule 22 (expression -> NAME .)
    NEG             reduce using rule 22 (expression -> NAME .)
    SI              reduce using rule 22 (expression -> NAME .)
    ALORS           reduce using rule 22 (expression -> NAME .)
    SINON           reduce using rule 22 (expression -> NAME .)
    SEMICOLON       reduce using rule 22 (expression -> NAME .)
    $end            reduce using rule 22 (expression -> NAME .)
    RPAREN          reduce using rule 22 (expression -> NAME .)


state 9

    (5) expression -> expression PLUS . expression
    (5) expression -> . expression PLUS expression
    (6) expression -> . expression MINUS expression
    (7) expression -> . expression TIMES expression
    (8) expression -> . expression DIVIDE expression
    (9) expression -> . expression EQUALS expression
    (10) expression -> . expression SUP expression
    (11) expression -> . expression INF expression
    (12) expression -> . expression SUPEG expression
    (13) expression -> . expression INFEG expression
    (14) expression -> . expression EG expression
    (15) expression -> . expression NEG expression
    (16) expression -> . expression SI expression
    (17) expression -> . expression ALORS expression
    (18) expression -> . expression SINON expression
    (19) expression -> . MINUS expression
    (20) expression -> . LPAREN expression RPAREN
    (21) expression -> . NUMBER
    (22) expression -> . NAME

    MINUS           shift and go to state 6
    LPAREN          shift and go to state 1
    NUMBER          shift and go to state 5
    NAME            shift and go to state 8

    expression                     shift and go to state 27

state 10

    (12) expression -> expression SUPEG . expression
    (5) expression -> . expression PLUS expression
    (6) expression -> . expression MINUS expression
    (7) expression -> . expression TIMES expression
    (8) expression -> . expression DIVIDE expression
    (9) expression -> . expression EQUALS expression
    (10) expression -> . expression SUP expression
    (11) expression -> . expression INF expression
    (12) expression -> . expression SUPEG expression
    (13) expression -> . expression INFEG expression
    (14) expression -> . expression EG expression
    (15) expression -> . expression NEG expression
    (16) expression -> . expression SI expression
    (17) expression -> . expression ALORS expression
    (18) expression -> . expression SINON expression
    (19) expression -> . MINUS expression
    (20) expression -> . LPAREN expression RPAREN
    (21) expression -> . NUMBER
    (22) expression -> . NAME

    MINUS           shift and go to state 6
    LPAREN          shift and go to state 1
    NUMBER          shift and go to state 5
    NAME            shift and go to state 8

    expression                     shift and go to state 28

state 11

    (14) expression -> expression EG . expression
    (5) expression -> . expression PLUS expression
    (6) expression -> . expression MINUS expression
    (7) expression -> . expression TIMES expression
    (8) expression -> . expression DIVIDE expression
    (9) expression -> . expression EQUALS expression
    (10) expression -> . expression SUP expression
    (11) expression -> . expression INF expression
    (12) expression -> . expression SUPEG expression
    (13) expression -> . expression INFEG expression
    (14) expression -> . expression EG expression
    (15) expression -> . expression NEG expression
    (16) expression -> . expression SI expression
    (17) expression -> . expression ALORS expression
    (18) expression -> . expression SINON expression
    (19) expression -> . MINUS expression
    (20) expression -> . LPAREN expression RPAREN
    (21) expression -> . NUMBER
    (22) expression -> . NAME

    MINUS           shift and go to state 6
    LPAREN          shift and go to state 1
    NUMBER          shift and go to state 5
    NAME            shift and go to state 8

    expression                     shift and go to state 29

state 12

    (3) statement -> expression SEMICOLON . statement
    (1) statement -> . NAME EQUALS expression
    (2) statement -> . expression
    (3) statement -> . expression SEMICOLON statement
    (4) statement -> .
    (5) expression -> . expression PLUS expression
    (6) expression -> . expression MINUS expression
    (7) expression -> . expression TIMES expression
    (8) expression -> . expression DIVIDE expression
    (9) expression -> . expression EQUALS expression
    (10) expression -> . expression SUP expression
    (11) expression -> . expression INF expression
    (12) expression -> . expression SUPEG expression
    (13) expression -> . expression INFEG expression
    (14) expression -> . expression EG expression
    (15) expression -> . expression NEG expression
    (16) expression -> . expression SI expression
    (17) expression -> . expression ALORS expression
    (18) expression -> . expression SINON expression
    (19) expression -> . MINUS expression
    (20) expression -> . LPAREN expression RPAREN
    (21) expression -> . NUMBER
    (22) expression -> . NAME

    NAME            shift and go to state 4
    $end            reduce using rule 4 (statement -> .)
    MINUS           shift and go to state 6
    LPAREN          shift and go to state 1
    NUMBER          shift and go to state 5

    statement                      shift and go to state 30
    expression                     shift and go to state 2

state 13

    (17) expression -> expression ALORS . expression
    (5) expression -> . expression PLUS expression
    (6) expression -> . expression MINUS expression
    (7) expression -> . expression TIMES expression
    (8) expression -> . expression DIVIDE expression
    (9) expression -> . expression EQUALS expression
    (10) expression -> . expression SUP expression
    (11) expression -> . expression INF expression
    (12) expression -> . expression SUPEG expression
    (13) expression -> . expression INFEG expression
    (14) expression -> . expression EG expression
    (15) expression -> . expression NEG expression
    (16) expression -> . expression SI expression
    (17) expression -> . expression ALORS expression
    (18) expression -> . expression SINON expression
    (19) expression -> . MINUS expression
    (20) expression -> . LPAREN expression RPAREN
    (21) expression -> . NUMBER
    (22) expression -> . NAME

    MINUS           shift and go to state 6
    LPAREN          shift and go to state 1
    NUMBER          shift and go to state 5
    NAME            shift and go to state 8

    expression                     shift and go to state 31

state 14

    (16) expression -> expression SI . expression
    (5) expression -> . expression PLUS expression
    (6) expression -> . expression MINUS expression
    (7) expression -> . expression TIMES expression
    (8) expression -> . expression DIVIDE expression
    (9) expression -> . expression EQUALS expression
    (10) expression -> . expression SUP expression
    (11) expression -> . expression INF expression
    (12) expression -> . expression SUPEG expression
    (13) expression -> . expression INFEG expression
    (14) expression -> . expression EG expression
    (15) expression -> . expression NEG expression
    (16) expression -> . expression SI expression
    (17) expression -> . expression ALORS expression
    (18) expression -> . expression SINON expression
    (19) expression -> . MINUS expression
    (20) expression -> . LPAREN expression RPAREN
    (21) expression -> . NUMBER
    (22) expression -> . NAME

    MINUS           shift and go to state 6
    LPAREN          shift and go to state 1
    NUMBER          shift and go to state 5
    NAME            shift and go to state 8

    expression                     shift and go to state 32

state 15

    (11) expression -> expression INF . expression
    (5) expression -> . expression PLUS expression
    (6) expression -> . expression MINUS expression
    (7) expression -> . expression TIMES expression
    (8) expression -> . expression DIVIDE expression
    (9) expression -> . expression EQUALS expression
    (10) expression -> . expression SUP expression
    (11) expression -> . expression INF expression
    (12) expression -> . expression SUPEG expression
    (13) expression -> . expression INFEG expression
    (14) expression -> . expression EG expression
    (15) expression -> . expression NEG expression
    (16) expression -> . expression SI expression
    (17) expression -> . expression ALORS expression
    (18) expression -> . expression SINON expression
    (19) expression -> . MINUS expression
    (20) expression -> . LPAREN expression RPAREN
    (21) expression -> . NUMBER
    (22) expression -> . NAME

    MINUS           shift and go to state 6
    LPAREN          shift and go to state 1
    NUMBER          shift and go to state 5
    NAME            shift and go to state 8

    expression                     shift and go to state 33

state 16

    (10) expression -> expression SUP . expression
    (5) expression -> . expression PLUS expression
    (6) expression -> . expression MINUS expression
    (7) expression -> . expression TIMES expression
    (8) expression -> . expression DIVIDE expression
    (9) expression -> . expression EQUALS expression
    (10) expression -> . expression SUP expression
    (11) expression -> . expression INF expression
    (12) expression -> . expression SUPEG expression
    (13) expression -> . expression INFEG expression
    (14) expression -> . expression EG expression
    (15) expression -> . expression NEG expression
    (16) expression -> . expression SI expression
    (17) expression -> . expression ALORS expression
    (18) expression -> . expression SINON expression
    (19) expression -> . MINUS expression
    (20) expression -> . LPAREN expression RPAREN
    (21) expression -> . NUMBER
    (22) expression -> . NAME

    MINUS           shift and go to state 6
    LPAREN          shift and go to state 1
    NUMBER          shift and go to state 5
    NAME            shift and go to state 8

    expression                     shift and go to state 34

state 17

    (13) expression -> expression INFEG . expression
    (5) expression -> . expression PLUS expression
    (6) expression -> . expression MINUS expression
    (7) expression -> . expression TIMES expression
    (8) expression -> . expression DIVIDE expression
    (9) expression -> . expression EQUALS expression
    (10) expression -> . expression SUP expression
    (11) expression -> . expression INF expression
    (12) expression -> . expression SUPEG expression
    (13) expression -> . expression INFEG expression
    (14) expression -> . expression EG expression
    (15) expression -> . expression NEG expression
    (16) expression -> . expression SI expression
    (17) expression -> . expression ALORS expression
    (18) expression -> . expression SINON expression
    (19) expression -> . MINUS expression
    (20) expression -> . LPAREN expression RPAREN
    (21) expression -> . NUMBER
    (22) expression -> . NAME

    MINUS           shift and go to state 6
    LPAREN          shift and go to state 1
    NUMBER          shift and go to state 5
    NAME            shift and go to state 8

    expression                     shift and go to state 35

state 18

    (9) expression -> expression EQUALS . expression
    (5) expression -> . expression PLUS expression
    (6) expression -> . expression MINUS expression
    (7) expression -> . expression TIMES expression
    (8) expression -> . expression DIVIDE expression
    (9) expression -> . expression EQUALS expression
    (10) expression -> . expression SUP expression
    (11) expression -> . expression INF expression
    (12) expression -> . expression SUPEG expression
    (13) expression -> . expression INFEG expression
    (14) expression -> . expression EG expression
    (15) expression -> . expression NEG expression
    (16) expression -> . expression SI expression
    (17) expression -> . expression ALORS expression
    (18) expression -> . expression SINON expression
    (19) expression -> . MINUS expression
    (20) expression -> . LPAREN expression RPAREN
    (21) expression -> . NUMBER
    (22) expression -> . NAME

    MINUS           shift and go to state 6
    LPAREN          shift and go to state 1
    NUMBER          shift and go to state 5
    NAME            shift and go to state 8

    expression                     shift and go to state 36

state 19

    (18) expression -> expression SINON . expression
    (5) expression -> . expression PLUS expression
    (6) expression -> . expression MINUS expression
    (7) expression -> . expression TIMES expression
    (8) expression -> . expression DIVIDE expression
    (9) expression -> . expression EQUALS expression
    (10) expression -> . expression SUP expression
    (11) expression -> . expression INF expression
    (12) expression -> . expression SUPEG expression
    (13) expression -> . expression INFEG expression
    (14) expression -> . expression EG expression
    (15) expression -> . expression NEG expression
    (16) expression -> . expression SI expression
    (17) expression -> . expression ALORS expression
    (18) expression -> . expression SINON expression
    (19) expression -> . MINUS expression
    (20) expression -> . LPAREN expression RPAREN
    (21) expression -> . NUMBER
    (22) expression -> . NAME

    MINUS           shift and go to state 6
    LPAREN          shift and go to state 1
    NUMBER          shift and go to state 5
    NAME            shift and go to state 8

    expression                     shift and go to state 37

state 20

    (8) expression -> expression DIVIDE . expression
    (5) expression -> . expression PLUS expression
    (6) expression -> . expression MINUS expression
    (7) expression -> . expression TIMES expression
    (8) expression -> . expression DIVIDE expression
    (9) expression -> . expression EQUALS expression
    (10) expression -> . expression SUP expression
    (11) expression -> . expression INF expression
    (12) expression -> . expression SUPEG expression
    (13) expression -> . expression INFEG expression
    (14) expression -> . expression EG expression
    (15) expression -> . expression NEG expression
    (16) expression -> . expression SI expression
    (17) expression -> . expression ALORS expression
    (18) expression -> . expression SINON expression
    (19) expression -> . MINUS expression
    (20) expression -> . LPAREN expression RPAREN
    (21) expression -> . NUMBER
    (22) expression -> . NAME

    MINUS           shift and go to state 6
    LPAREN          shift and go to state 1
    NUMBER          shift and go to state 5
    NAME            shift and go to state 8

    expression                     shift and go to state 38

state 21

    (15) expression -> expression NEG . expression
    (5) expression -> . expression PLUS expression
    (6) expression -> . expression MINUS expression
    (7) expression -> . expression TIMES expression
    (8) expression -> . expression DIVIDE expression
    (9) expression -> . expression EQUALS expression
    (10) expression -> . expression SUP expression
    (11) expression -> . expression INF expression
    (12) expression -> . expression SUPEG expression
    (13) expression -> . expression INFEG expression
    (14) expression -> . expression EG expression
    (15) expression -> . expression NEG expression
    (16) expression -> . expression SI expression
    (17) expression -> . expression ALORS expression
    (18) expression -> . expression SINON expression
    (19) expression -> . MINUS expression
    (20) expression -> . LPAREN expression RPAREN
    (21) expression -> . NUMBER
    (22) expression -> . NAME

    MINUS           shift and go to state 6
    LPAREN          shift and go to state 1
    NUMBER          shift and go to state 5
    NAME            shift and go to state 8

    expression                     shift and go to state 39

state 22

    (6) expression -> expression MINUS . expression
    (5) expression -> . expression PLUS expression
    (6) expression -> . expression MINUS expression
    (7) expression -> . expression TIMES expression
    (8) expression -> . expression DIVIDE expression
    (9) expression -> . expression EQUALS expression
    (10) expression -> . expression SUP expression
    (11) expression -> . expression INF expression
    (12) expression -> . expression SUPEG expression
    (13) expression -> . expression INFEG expression
    (14) expression -> . expression EG expression
    (15) expression -> . expression NEG expression
    (16) expression -> . expression SI expression
    (17) expression -> . expression ALORS expression
    (18) expression -> . expression SINON expression
    (19) expression -> . MINUS expression
    (20) expression -> . LPAREN expression RPAREN
    (21) expression -> . NUMBER
    (22) expression -> . NAME

    MINUS           shift and go to state 6
    LPAREN          shift and go to state 1
    NUMBER          shift and go to state 5
    NAME            shift and go to state 8

    expression                     shift and go to state 40

state 23

    (7) expression -> expression TIMES . expression
    (5) expression -> . expression PLUS expression
    (6) expression -> . expression MINUS expression
    (7) expression -> . expression TIMES expression
    (8) expression -> . expression DIVIDE expression
    (9) expression -> . expression EQUALS expression
    (10) expression -> . expression SUP expression
    (11) expression -> . expression INF expression
    (12) expression -> . expression SUPEG expression
    (13) expression -> . expression INFEG expression
    (14) expression -> . expression EG expression
    (15) expression -> . expression NEG expression
    (16) expression -> . expression SI expression
    (17) expression -> . expression ALORS expression
    (18) expression -> . expression SINON expression
    (19) expression -> . MINUS expression
    (20) expression -> . LPAREN expression RPAREN
    (21) expression -> . NUMBER
    (22) expression -> . NAME

    MINUS           shift and go to state 6
    LPAREN          shift and go to state 1
    NUMBER          shift and go to state 5
    NAME            shift and go to state 8

    expression                     shift and go to state 41

state 24

    (1) statement -> NAME EQUALS . expression
    (5) expression -> . expression PLUS expression
    (6) expression -> . expression MINUS expression
    (7) expression -> . expression TIMES expression
    (8) expression -> . expression DIVIDE expression
    (9) expression -> . expression EQUALS expression
    (10) expression -> . expression SUP expression
    (11) expression -> . expression INF expression
    (12) expression -> . expression SUPEG expression
    (13) expression -> . expression INFEG expression
    (14) expression -> . expression EG expression
    (15) expression -> . expression NEG expression
    (16) expression -> . expression SI expression
    (17) expression -> . expression ALORS expression
    (18) expression -> . expression SINON expression
    (19) expression -> . MINUS expression
    (20) expression -> . LPAREN expression RPAREN
    (21) expression -> . NUMBER
    (22) expression -> . NAME

    MINUS           shift and go to state 6
    LPAREN          shift and go to state 1
    NUMBER          shift and go to state 5
    NAME            shift and go to state 8

    expression                     shift and go to state 42

state 25

    (19) expression -> MINUS expression .
    (5) expression -> expression . PLUS expression
    (6) expression -> expression . MINUS expression
    (7) expression -> expression . TIMES expression
    (8) expression -> expression . DIVIDE expression
    (9) expression -> expression . EQUALS expression
    (10) expression -> expression . SUP expression
    (11) expression -> expression . INF expression
    (12) expression -> expression . SUPEG expression
    (13) expression -> expression . INFEG expression
    (14) expression -> expression . EG expression
    (15) expression -> expression . NEG expression
    (16) expression -> expression . SI expression
    (17) expression -> expression . ALORS expression
    (18) expression -> expression . SINON expression

    PLUS            reduce using rule 19 (expression -> MINUS expression .)
    MINUS           reduce using rule 19 (expression -> MINUS expression .)
    TIMES           reduce using rule 19 (expression -> MINUS expression .)
    DIVIDE          reduce using rule 19 (expression -> MINUS expression .)
    EQUALS          reduce using rule 19 (expression -> MINUS expression .)
    SUP             reduce using rule 19 (expression -> MINUS expression .)
    INF             reduce using rule 19 (expression -> MINUS expression .)
    SUPEG           reduce using rule 19 (expression -> MINUS expression .)
    INFEG           reduce using rule 19 (expression -> MINUS expression .)
    EG              reduce using rule 19 (expression -> MINUS expression .)
    NEG             reduce using rule 19 (expression -> MINUS expression .)
    SI              reduce using rule 19 (expression -> MINUS expression .)
    ALORS           reduce using rule 19 (expression -> MINUS expression .)
    SINON           reduce using rule 19 (expression -> MINUS expression .)
    SEMICOLON       reduce using rule 19 (expression -> MINUS expression .)
    $end            reduce using rule 19 (expression -> MINUS expression .)
    RPAREN          reduce using rule 19 (expression -> MINUS expression .)

  ! PLUS            [ shift and go to state 9 ]
  ! MINUS           [ shift and go to state 22 ]
  ! TIMES           [ shift and go to state 23 ]
  ! DIVIDE          [ shift and go to state 20 ]
  ! EQUALS          [ shift and go to state 18 ]
  ! SUP             [ shift and go to state 16 ]
  ! INF             [ shift and go to state 15 ]
  ! SUPEG           [ shift and go to state 10 ]
  ! INFEG           [ shift and go to state 17 ]
  ! EG              [ shift and go to state 11 ]
  ! NEG             [ shift and go to state 21 ]
  ! SI              [ shift and go to state 14 ]
  ! ALORS           [ shift and go to state 13 ]
  ! SINON           [ shift and go to state 19 ]


state 26

    (20) expression -> LPAREN expression RPAREN .

    PLUS            reduce using rule 20 (expression -> LPAREN expression RPAREN .)
    MINUS           reduce using rule 20 (expression -> LPAREN expression RPAREN .)
    TIMES           reduce using rule 20 (expression -> LPAREN expression RPAREN .)
    DIVIDE          reduce using rule 20 (expression -> LPAREN expression RPAREN .)
    EQUALS          reduce using rule 20 (expression -> LPAREN expression RPAREN .)
    SUP             reduce using rule 20 (expression -> LPAREN expression RPAREN .)
    INF             reduce using rule 20 (expression -> LPAREN expression RPAREN .)
    SUPEG           reduce using rule 20 (expression -> LPAREN expression RPAREN .)
    INFEG           reduce using rule 20 (expression -> LPAREN expression RPAREN .)
    EG              reduce using rule 20 (expression -> LPAREN expression RPAREN .)
    NEG             reduce using rule 20 (expression -> LPAREN expression RPAREN .)
    SI              reduce using rule 20 (expression -> LPAREN expression RPAREN .)
    ALORS           reduce using rule 20 (expression -> LPAREN expression RPAREN .)
    SINON           reduce using rule 20 (expression -> LPAREN expression RPAREN .)
    SEMICOLON       reduce using rule 20 (expression -> LPAREN expression RPAREN .)
    $end            reduce using rule 20 (expression -> LPAREN expression RPAREN .)
    RPAREN          reduce using rule 20 (expression -> LPAREN expression RPAREN .)


state 27

    (5) expression -> expression PLUS expression .
    (5) expression -> expression . PLUS expression
    (6) expression -> expression . MINUS expression
    (7) expression -> expression . TIMES expression
    (8) expression -> expression . DIVIDE expression
    (9) expression -> expression . EQUALS expression
    (10) expression -> expression . SUP expression
    (11) expression -> expression . INF expression
    (12) expression -> expression . SUPEG expression
    (13) expression -> expression . INFEG expression
    (14) expression -> expression . EG expression
    (15) expression -> expression . NEG expression
    (16) expression -> expression . SI expression
    (17) expression -> expression . ALORS expression
    (18) expression -> expression . SINON expression

    PLUS            reduce using rule 5 (expression -> expression PLUS expression .)
    MINUS           reduce using rule 5 (expression -> expression PLUS expression .)
    EQUALS          reduce using rule 5 (expression -> expression PLUS expression .)
    SUP             reduce using rule 5 (expression -> expression PLUS expression .)
    INF             reduce using rule 5 (expression -> expression PLUS expression .)
    SUPEG           reduce using rule 5 (expression -> expression PLUS expression .)
    INFEG           reduce using rule 5 (expression -> expression PLUS expression .)
    EG              reduce using rule 5 (expression -> expression PLUS expression .)
    NEG             reduce using rule 5 (expression -> expression PLUS expression .)
    SI              reduce using rule 5 (expression -> expression PLUS expression .)
    ALORS           reduce using rule 5 (expression -> expression PLUS expression .)
    SINON           reduce using rule 5 (expression -> expression PLUS expression .)
    SEMICOLON       reduce using rule 5 (expression -> expression PLUS expression .)
    $end            reduce using rule 5 (expression -> expression PLUS expression .)
    RPAREN          reduce using rule 5 (expression -> expression PLUS expression .)
    TIMES           shift and go to state 23
    DIVIDE          shift and go to state 20

  ! TIMES           [ reduce using rule 5 (expression -> expression PLUS expression .) ]
  ! DIVIDE          [ reduce using rule 5 (expression -> expression PLUS expression .) ]
  ! PLUS            [ shift and go to state 9 ]
  ! MINUS           [ shift and go to state 22 ]
  ! EQUALS          [ shift and go to state 18 ]
  ! SUP             [ shift and go to state 16 ]
  ! INF             [ shift and go to state 15 ]
  ! SUPEG           [ shift and go to state 10 ]
  ! INFEG           [ shift and go to state 17 ]
  ! EG              [ shift and go to state 11 ]
  ! NEG             [ shift and go to state 21 ]
  ! SI              [ shift and go to state 14 ]
  ! ALORS           [ shift and go to state 13 ]
  ! SINON           [ shift and go to state 19 ]


state 28

    (12) expression -> expression SUPEG expression .
    (5) expression -> expression . PLUS expression
    (6) expression -> expression . MINUS expression
    (7) expression -> expression . TIMES expression
    (8) expression -> expression . DIVIDE expression
    (9) expression -> expression . EQUALS expression
    (10) expression -> expression . SUP expression
    (11) expression -> expression . INF expression
    (12) expression -> expression . SUPEG expression
    (13) expression -> expression . INFEG expression
    (14) expression -> expression . EG expression
    (15) expression -> expression . NEG expression
    (16) expression -> expression . SI expression
    (17) expression -> expression . ALORS expression
    (18) expression -> expression . SINON expression

  ! shift/reduce conflict for PLUS resolved as shift
  ! shift/reduce conflict for MINUS resolved as shift
  ! shift/reduce conflict for TIMES resolved as shift
  ! shift/reduce conflict for DIVIDE resolved as shift
  ! shift/reduce conflict for EQUALS resolved as shift
  ! shift/reduce conflict for SUP resolved as shift
  ! shift/reduce conflict for INF resolved as shift
  ! shift/reduce conflict for SUPEG resolved as shift
  ! shift/reduce conflict for INFEG resolved as shift
  ! shift/reduce conflict for EG resolved as shift
  ! shift/reduce conflict for NEG resolved as shift
  ! shift/reduce conflict for SI resolved as shift
  ! shift/reduce conflict for ALORS resolved as shift
  ! shift/reduce conflict for SINON resolved as shift
    SEMICOLON       reduce using rule 12 (expression -> expression SUPEG expression .)
    $end            reduce using rule 12 (expression -> expression SUPEG expression .)
    RPAREN          reduce using rule 12 (expression -> expression SUPEG expression .)
    PLUS            shift and go to state 9
    MINUS           shift and go to state 22
    TIMES           shift and go to state 23
    DIVIDE          shift and go to state 20
    EQUALS          shift and go to state 18
    SUP             shift and go to state 16
    INF             shift and go to state 15
    SUPEG           shift and go to state 10
    INFEG           shift and go to state 17
    EG              shift and go to state 11
    NEG             shift and go to state 21
    SI              shift and go to state 14
    ALORS           shift and go to state 13
    SINON           shift and go to state 19

  ! PLUS            [ reduce using rule 12 (expression -> expression SUPEG expression .) ]
  ! MINUS           [ reduce using rule 12 (expression -> expression SUPEG expression .) ]
  ! TIMES           [ reduce using rule 12 (expression -> expression SUPEG expression .) ]
  ! DIVIDE          [ reduce using rule 12 (expression -> expression SUPEG expression .) ]
  ! EQUALS          [ reduce using rule 12 (expression -> expression SUPEG expression .) ]
  ! SUP             [ reduce using rule 12 (expression -> expression SUPEG expression .) ]
  ! INF             [ reduce using rule 12 (expression -> expression SUPEG expression .) ]
  ! SUPEG           [ reduce using rule 12 (expression -> expression SUPEG expression .) ]
  ! INFEG           [ reduce using rule 12 (expression -> expression SUPEG expression .) ]
  ! EG              [ reduce using rule 12 (expression -> expression SUPEG expression .) ]
  ! NEG             [ reduce using rule 12 (expression -> expression SUPEG expression .) ]
  ! SI              [ reduce using rule 12 (expression -> expression SUPEG expression .) ]
  ! ALORS           [ reduce using rule 12 (expression -> expression SUPEG expression .) ]
  ! SINON           [ reduce using rule 12 (expression -> expression SUPEG expression .) ]


state 29

    (14) expression -> expression EG expression .
    (5) expression -> expression . PLUS expression
    (6) expression -> expression . MINUS expression
    (7) expression -> expression . TIMES expression
    (8) expression -> expression . DIVIDE expression
    (9) expression -> expression . EQUALS expression
    (10) expression -> expression . SUP expression
    (11) expression -> expression . INF expression
    (12) expression -> expression . SUPEG expression
    (13) expression -> expression . INFEG expression
    (14) expression -> expression . EG expression
    (15) expression -> expression . NEG expression
    (16) expression -> expression . SI expression
    (17) expression -> expression . ALORS expression
    (18) expression -> expression . SINON expression

  ! shift/reduce conflict for PLUS resolved as shift
  ! shift/reduce conflict for MINUS resolved as shift
  ! shift/reduce conflict for TIMES resolved as shift
  ! shift/reduce conflict for DIVIDE resolved as shift
  ! shift/reduce conflict for EQUALS resolved as shift
  ! shift/reduce conflict for SUP resolved as shift
  ! shift/reduce conflict for INF resolved as shift
  ! shift/reduce conflict for SUPEG resolved as shift
  ! shift/reduce conflict for INFEG resolved as shift
  ! shift/reduce conflict for EG resolved as shift
  ! shift/reduce conflict for NEG resolved as shift
  ! shift/reduce conflict for SI resolved as shift
  ! shift/reduce conflict for ALORS resolved as shift
  ! shift/reduce conflict for SINON resolved as shift
    SEMICOLON       reduce using rule 14 (expression -> expression EG expression .)
    $end            reduce using rule 14 (expression -> expression EG expression .)
    RPAREN          reduce using rule 14 (expression -> expression EG expression .)
    PLUS            shift and go to state 9
    MINUS           shift and go to state 22
    TIMES           shift and go to state 23
    DIVIDE          shift and go to state 20
    EQUALS          shift and go to state 18
    SUP             shift and go to state 16
    INF             shift and go to state 15
    SUPEG           shift and go to state 10
    INFEG           shift and go to state 17
    EG              shift and go to state 11
    NEG             shift and go to state 21
    SI              shift and go to state 14
    ALORS           shift and go to state 13
    SINON           shift and go to state 19

  ! PLUS            [ reduce using rule 14 (expression -> expression EG expression .) ]
  ! MINUS           [ reduce using rule 14 (expression -> expression EG expression .) ]
  ! TIMES           [ reduce using rule 14 (expression -> expression EG expression .) ]
  ! DIVIDE          [ reduce using rule 14 (expression -> expression EG expression .) ]
  ! EQUALS          [ reduce using rule 14 (expression -> expression EG expression .) ]
  ! SUP             [ reduce using rule 14 (expression -> expression EG expression .) ]
  ! INF             [ reduce using rule 14 (expression -> expression EG expression .) ]
  ! SUPEG           [ reduce using rule 14 (expression -> expression EG expression .) ]
  ! INFEG           [ reduce using rule 14 (expression -> expression EG expression .) ]
  ! EG              [ reduce using rule 14 (expression -> expression EG expression .) ]
  ! NEG             [ reduce using rule 14 (expression -> expression EG expression .) ]
  ! SI              [ reduce using rule 14 (expression -> expression EG expression .) ]
  ! ALORS           [ reduce using rule 14 (expression -> expression EG expression .) ]
  ! SINON           [ reduce using rule 14 (expression -> expression EG expression .) ]


state 30

    (3) statement -> expression SEMICOLON statement .

    $end            reduce using rule 3 (statement -> expression SEMICOLON statement .)


state 31

    (17) expression -> expression ALORS expression .
    (5) expression -> expression . PLUS expression
    (6) expression -> expression . MINUS expression
    (7) expression -> expression . TIMES expression
    (8) expression -> expression . DIVIDE expression
    (9) expression -> expression . EQUALS expression
    (10) expression -> expression . SUP expression
    (11) expression -> expression . INF expression
    (12) expression -> expression . SUPEG expression
    (13) expression -> expression . INFEG expression
    (14) expression -> expression . EG expression
    (15) expression -> expression . NEG expression
    (16) expression -> expression . SI expression
    (17) expression -> expression . ALORS expression
    (18) expression -> expression . SINON expression

  ! shift/reduce conflict for PLUS resolved as shift
  ! shift/reduce conflict for MINUS resolved as shift
  ! shift/reduce conflict for TIMES resolved as shift
  ! shift/reduce conflict for DIVIDE resolved as shift
  ! shift/reduce conflict for EQUALS resolved as shift
  ! shift/reduce conflict for SUP resolved as shift
  ! shift/reduce conflict for INF resolved as shift
  ! shift/reduce conflict for SUPEG resolved as shift
  ! shift/reduce conflict for INFEG resolved as shift
  ! shift/reduce conflict for EG resolved as shift
  ! shift/reduce conflict for NEG resolved as shift
  ! shift/reduce conflict for SI resolved as shift
  ! shift/reduce conflict for ALORS resolved as shift
  ! shift/reduce conflict for SINON resolved as shift
    SEMICOLON       reduce using rule 17 (expression -> expression ALORS expression .)
    $end            reduce using rule 17 (expression -> expression ALORS expression .)
    RPAREN          reduce using rule 17 (expression -> expression ALORS expression .)
    PLUS            shift and go to state 9
    MINUS           shift and go to state 22
    TIMES           shift and go to state 23
    DIVIDE          shift and go to state 20
    EQUALS          shift and go to state 18
    SUP             shift and go to state 16
    INF             shift and go to state 15
    SUPEG           shift and go to state 10
    INFEG           shift and go to state 17
    EG              shift and go to state 11
    NEG             shift and go to state 21
    SI              shift and go to state 14
    ALORS           shift and go to state 13
    SINON           shift and go to state 19

  ! PLUS            [ reduce using rule 17 (expression -> expression ALORS expression .) ]
  ! MINUS           [ reduce using rule 17 (expression -> expression ALORS expression .) ]
  ! TIMES           [ reduce using rule 17 (expression -> expression ALORS expression .) ]
  ! DIVIDE          [ reduce using rule 17 (expression -> expression ALORS expression .) ]
  ! EQUALS          [ reduce using rule 17 (expression -> expression ALORS expression .) ]
  ! SUP             [ reduce using rule 17 (expression -> expression ALORS expression .) ]
  ! INF             [ reduce using rule 17 (expression -> expression ALORS expression .) ]
  ! SUPEG           [ reduce using rule 17 (expression -> expression ALORS expression .) ]
  ! INFEG           [ reduce using rule 17 (expression -> expression ALORS expression .) ]
  ! EG              [ reduce using rule 17 (expression -> expression ALORS expression .) ]
  ! NEG             [ reduce using rule 17 (expression -> expression ALORS expression .) ]
  ! SI              [ reduce using rule 17 (expression -> expression ALORS expression .) ]
  ! ALORS           [ reduce using rule 17 (expression -> expression ALORS expression .) ]
  ! SINON           [ reduce using rule 17 (expression -> expression ALORS expression .) ]


state 32

    (16) expression -> expression SI expression .
    (5) expression -> expression . PLUS expression
    (6) expression -> expression . MINUS expression
    (7) expression -> expression . TIMES expression
    (8) expression -> expression . DIVIDE expression
    (9) expression -> expression . EQUALS expression
    (10) expression -> expression . SUP expression
    (11) expression -> expression . INF expression
    (12) expression -> expression . SUPEG expression
    (13) expression -> expression . INFEG expression
    (14) expression -> expression . EG expression
    (15) expression -> expression . NEG expression
    (16) expression -> expression . SI expression
    (17) expression -> expression . ALORS expression
    (18) expression -> expression . SINON expression

  ! shift/reduce conflict for PLUS resolved as shift
  ! shift/reduce conflict for MINUS resolved as shift
  ! shift/reduce conflict for TIMES resolved as shift
  ! shift/reduce conflict for DIVIDE resolved as shift
  ! shift/reduce conflict for EQUALS resolved as shift
  ! shift/reduce conflict for SUP resolved as shift
  ! shift/reduce conflict for INF resolved as shift
  ! shift/reduce conflict for SUPEG resolved as shift
  ! shift/reduce conflict for INFEG resolved as shift
  ! shift/reduce conflict for EG resolved as shift
  ! shift/reduce conflict for NEG resolved as shift
  ! shift/reduce conflict for SI resolved as shift
  ! shift/reduce conflict for ALORS resolved as shift
  ! shift/reduce conflict for SINON resolved as shift
    SEMICOLON       reduce using rule 16 (expression -> expression SI expression .)
    $end            reduce using rule 16 (expression -> expression SI expression .)
    RPAREN          reduce using rule 16 (expression -> expression SI expression .)
    PLUS            shift and go to state 9
    MINUS           shift and go to state 22
    TIMES           shift and go to state 23
    DIVIDE          shift and go to state 20
    EQUALS          shift and go to state 18
    SUP             shift and go to state 16
    INF             shift and go to state 15
    SUPEG           shift and go to state 10
    INFEG           shift and go to state 17
    EG              shift and go to state 11
    NEG             shift and go to state 21
    SI              shift and go to state 14
    ALORS           shift and go to state 13
    SINON           shift and go to state 19

  ! PLUS            [ reduce using rule 16 (expression -> expression SI expression .) ]
  ! MINUS           [ reduce using rule 16 (expression -> expression SI expression .) ]
  ! TIMES           [ reduce using rule 16 (expression -> expression SI expression .) ]
  ! DIVIDE          [ reduce using rule 16 (expression -> expression SI expression .) ]
  ! EQUALS          [ reduce using rule 16 (expression -> expression SI expression .) ]
  ! SUP             [ reduce using rule 16 (expression -> expression SI expression .) ]
  ! INF             [ reduce using rule 16 (expression -> expression SI expression .) ]
  ! SUPEG           [ reduce using rule 16 (expression -> expression SI expression .) ]
  ! INFEG           [ reduce using rule 16 (expression -> expression SI expression .) ]
  ! EG              [ reduce using rule 16 (expression -> expression SI expression .) ]
  ! NEG             [ reduce using rule 16 (expression -> expression SI expression .) ]
  ! SI              [ reduce using rule 16 (expression -> expression SI expression .) ]
  ! ALORS           [ reduce using rule 16 (expression -> expression SI expression .) ]
  ! SINON           [ reduce using rule 16 (expression -> expression SI expression .) ]


state 33

    (11) expression -> expression INF expression .
    (5) expression -> expression . PLUS expression
    (6) expression -> expression . MINUS expression
    (7) expression -> expression . TIMES expression
    (8) expression -> expression . DIVIDE expression
    (9) expression -> expression . EQUALS expression
    (10) expression -> expression . SUP expression
    (11) expression -> expression . INF expression
    (12) expression -> expression . SUPEG expression
    (13) expression -> expression . INFEG expression
    (14) expression -> expression . EG expression
    (15) expression -> expression . NEG expression
    (16) expression -> expression . SI expression
    (17) expression -> expression . ALORS expression
    (18) expression -> expression . SINON expression

  ! shift/reduce conflict for PLUS resolved as shift
  ! shift/reduce conflict for MINUS resolved as shift
  ! shift/reduce conflict for TIMES resolved as shift
  ! shift/reduce conflict for DIVIDE resolved as shift
  ! shift/reduce conflict for EQUALS resolved as shift
  ! shift/reduce conflict for SUP resolved as shift
  ! shift/reduce conflict for INF resolved as shift
  ! shift/reduce conflict for SUPEG resolved as shift
  ! shift/reduce conflict for INFEG resolved as shift
  ! shift/reduce conflict for EG resolved as shift
  ! shift/reduce conflict for NEG resolved as shift
  ! shift/reduce conflict for SI resolved as shift
  ! shift/reduce conflict for ALORS resolved as shift
  ! shift/reduce conflict for SINON resolved as shift
    SEMICOLON       reduce using rule 11 (expression -> expression INF expression .)
    $end            reduce using rule 11 (expression -> expression INF expression .)
    RPAREN          reduce using rule 11 (expression -> expression INF expression .)
    PLUS            shift and go to state 9
    MINUS           shift and go to state 22
    TIMES           shift and go to state 23
    DIVIDE          shift and go to state 20
    EQUALS          shift and go to state 18
    SUP             shift and go to state 16
    INF             shift and go to state 15
    SUPEG           shift and go to state 10
    INFEG           shift and go to state 17
    EG              shift and go to state 11
    NEG             shift and go to state 21
    SI              shift and go to state 14
    ALORS           shift and go to state 13
    SINON           shift and go to state 19

  ! PLUS            [ reduce using rule 11 (expression -> expression INF expression .) ]
  ! MINUS           [ reduce using rule 11 (expression -> expression INF expression .) ]
  ! TIMES           [ reduce using rule 11 (expression -> expression INF expression .) ]
  ! DIVIDE          [ reduce using rule 11 (expression -> expression INF expression .) ]
  ! EQUALS          [ reduce using rule 11 (expression -> expression INF expression .) ]
  ! SUP             [ reduce using rule 11 (expression -> expression INF expression .) ]
  ! INF             [ reduce using rule 11 (expression -> expression INF expression .) ]
  ! SUPEG           [ reduce using rule 11 (expression -> expression INF expression .) ]
  ! INFEG           [ reduce using rule 11 (expression -> expression INF expression .) ]
  ! EG              [ reduce using rule 11 (expression -> expression INF expression .) ]
  ! NEG             [ reduce using rule 11 (expression -> expression INF expression .) ]
  ! SI              [ reduce using rule 11 (expression -> expression INF expression .) ]
  ! ALORS           [ reduce using rule 11 (expression -> expression INF expression .) ]
  ! SINON           [ reduce using rule 11 (expression -> expression INF expression .) ]


state 34

    (10) expression -> expression SUP expression .
    (5) expression -> expression . PLUS expression
    (6) expression -> expression . MINUS expression
    (7) expression -> expression . TIMES expression
    (8) expression -> expression . DIVIDE expression
    (9) expression -> expression . EQUALS expression
    (10) expression -> expression . SUP expression
    (11) expression -> expression . INF expression
    (12) expression -> expression . SUPEG expression
    (13) expression -> expression . INFEG expression
    (14) expression -> expression . EG expression
    (15) expression -> expression . NEG expression
    (16) expression -> expression . SI expression
    (17) expression -> expression . ALORS expression
    (18) expression -> expression . SINON expression

  ! shift/reduce conflict for PLUS resolved as shift
  ! shift/reduce conflict for MINUS resolved as shift
  ! shift/reduce conflict for TIMES resolved as shift
  ! shift/reduce conflict for DIVIDE resolved as shift
  ! shift/reduce conflict for EQUALS resolved as shift
  ! shift/reduce conflict for SUP resolved as shift
  ! shift/reduce conflict for INF resolved as shift
  ! shift/reduce conflict for SUPEG resolved as shift
  ! shift/reduce conflict for INFEG resolved as shift
  ! shift/reduce conflict for EG resolved as shift
  ! shift/reduce conflict for NEG resolved as shift
  ! shift/reduce conflict for SI resolved as shift
  ! shift/reduce conflict for ALORS resolved as shift
  ! shift/reduce conflict for SINON resolved as shift
    SEMICOLON       reduce using rule 10 (expression -> expression SUP expression .)
    $end            reduce using rule 10 (expression -> expression SUP expression .)
    RPAREN          reduce using rule 10 (expression -> expression SUP expression .)
    PLUS            shift and go to state 9
    MINUS           shift and go to state 22
    TIMES           shift and go to state 23
    DIVIDE          shift and go to state 20
    EQUALS          shift and go to state 18
    SUP             shift and go to state 16
    INF             shift and go to state 15
    SUPEG           shift and go to state 10
    INFEG           shift and go to state 17
    EG              shift and go to state 11
    NEG             shift and go to state 21
    SI              shift and go to state 14
    ALORS           shift and go to state 13
    SINON           shift and go to state 19

  ! PLUS            [ reduce using rule 10 (expression -> expression SUP expression .) ]
  ! MINUS           [ reduce using rule 10 (expression -> expression SUP expression .) ]
  ! TIMES           [ reduce using rule 10 (expression -> expression SUP expression .) ]
  ! DIVIDE          [ reduce using rule 10 (expression -> expression SUP expression .) ]
  ! EQUALS          [ reduce using rule 10 (expression -> expression SUP expression .) ]
  ! SUP             [ reduce using rule 10 (expression -> expression SUP expression .) ]
  ! INF             [ reduce using rule 10 (expression -> expression SUP expression .) ]
  ! SUPEG           [ reduce using rule 10 (expression -> expression SUP expression .) ]
  ! INFEG           [ reduce using rule 10 (expression -> expression SUP expression .) ]
  ! EG              [ reduce using rule 10 (expression -> expression SUP expression .) ]
  ! NEG             [ reduce using rule 10 (expression -> expression SUP expression .) ]
  ! SI              [ reduce using rule 10 (expression -> expression SUP expression .) ]
  ! ALORS           [ reduce using rule 10 (expression -> expression SUP expression .) ]
  ! SINON           [ reduce using rule 10 (expression -> expression SUP expression .) ]


state 35

    (13) expression -> expression INFEG expression .
    (5) expression -> expression . PLUS expression
    (6) expression -> expression . MINUS expression
    (7) expression -> expression . TIMES expression
    (8) expression -> expression . DIVIDE expression
    (9) expression -> expression . EQUALS expression
    (10) expression -> expression . SUP expression
    (11) expression -> expression . INF expression
    (12) expression -> expression . SUPEG expression
    (13) expression -> expression . INFEG expression
    (14) expression -> expression . EG expression
    (15) expression -> expression . NEG expression
    (16) expression -> expression . SI expression
    (17) expression -> expression . ALORS expression
    (18) expression -> expression . SINON expression

  ! shift/reduce conflict for PLUS resolved as shift
  ! shift/reduce conflict for MINUS resolved as shift
  ! shift/reduce conflict for TIMES resolved as shift
  ! shift/reduce conflict for DIVIDE resolved as shift
  ! shift/reduce conflict for EQUALS resolved as shift
  ! shift/reduce conflict for SUP resolved as shift
  ! shift/reduce conflict for INF resolved as shift
  ! shift/reduce conflict for SUPEG resolved as shift
  ! shift/reduce conflict for INFEG resolved as shift
  ! shift/reduce conflict for EG resolved as shift
  ! shift/reduce conflict for NEG resolved as shift
  ! shift/reduce conflict for SI resolved as shift
  ! shift/reduce conflict for ALORS resolved as shift
  ! shift/reduce conflict for SINON resolved as shift
    SEMICOLON       reduce using rule 13 (expression -> expression INFEG expression .)
    $end            reduce using rule 13 (expression -> expression INFEG expression .)
    RPAREN          reduce using rule 13 (expression -> expression INFEG expression .)
    PLUS            shift and go to state 9
    MINUS           shift and go to state 22
    TIMES           shift and go to state 23
    DIVIDE          shift and go to state 20
    EQUALS          shift and go to state 18
    SUP             shift and go to state 16
    INF             shift and go to state 15
    SUPEG           shift and go to state 10
    INFEG           shift and go to state 17
    EG              shift and go to state 11
    NEG             shift and go to state 21
    SI              shift and go to state 14
    ALORS           shift and go to state 13
    SINON           shift and go to state 19

  ! PLUS            [ reduce using rule 13 (expression -> expression INFEG expression .) ]
  ! MINUS           [ reduce using rule 13 (expression -> expression INFEG expression .) ]
  ! TIMES           [ reduce using rule 13 (expression -> expression INFEG expression .) ]
  ! DIVIDE          [ reduce using rule 13 (expression -> expression INFEG expression .) ]
  ! EQUALS          [ reduce using rule 13 (expression -> expression INFEG expression .) ]
  ! SUP             [ reduce using rule 13 (expression -> expression INFEG expression .) ]
  ! INF             [ reduce using rule 13 (expression -> expression INFEG expression .) ]
  ! SUPEG           [ reduce using rule 13 (expression -> expression INFEG expression .) ]
  ! INFEG           [ reduce using rule 13 (expression -> expression INFEG expression .) ]
  ! EG              [ reduce using rule 13 (expression -> expression INFEG expression .) ]
  ! NEG             [ reduce using rule 13 (expression -> expression INFEG expression .) ]
  ! SI              [ reduce using rule 13 (expression -> expression INFEG expression .) ]
  ! ALORS           [ reduce using rule 13 (expression -> expression INFEG expression .) ]
  ! SINON           [ reduce using rule 13 (expression -> expression INFEG expression .) ]


state 36

    (9) expression -> expression EQUALS expression .
    (5) expression -> expression . PLUS expression
    (6) expression -> expression . MINUS expression
    (7) expression -> expression . TIMES expression
    (8) expression -> expression . DIVIDE expression
    (9) expression -> expression . EQUALS expression
    (10) expression -> expression . SUP expression
    (11) expression -> expression . INF expression
    (12) expression -> expression . SUPEG expression
    (13) expression -> expression . INFEG expression
    (14) expression -> expression . EG expression
    (15) expression -> expression . NEG expression
    (16) expression -> expression . SI expression
    (17) expression -> expression . ALORS expression
    (18) expression -> expression . SINON expression

  ! shift/reduce conflict for PLUS resolved as shift
  ! shift/reduce conflict for MINUS resolved as shift
  ! shift/reduce conflict for TIMES resolved as shift
  ! shift/reduce conflict for DIVIDE resolved as shift
  ! shift/reduce conflict for EQUALS resolved as shift
  ! shift/reduce conflict for SUP resolved as shift
  ! shift/reduce conflict for INF resolved as shift
  ! shift/reduce conflict for SUPEG resolved as shift
  ! shift/reduce conflict for INFEG resolved as shift
  ! shift/reduce conflict for EG resolved as shift
  ! shift/reduce conflict for NEG resolved as shift
  ! shift/reduce conflict for SI resolved as shift
  ! shift/reduce conflict for ALORS resolved as shift
  ! shift/reduce conflict for SINON resolved as shift
    SEMICOLON       reduce using rule 9 (expression -> expression EQUALS expression .)
    $end            reduce using rule 9 (expression -> expression EQUALS expression .)
    RPAREN          reduce using rule 9 (expression -> expression EQUALS expression .)
    PLUS            shift and go to state 9
    MINUS           shift and go to state 22
    TIMES           shift and go to state 23
    DIVIDE          shift and go to state 20
    EQUALS          shift and go to state 18
    SUP             shift and go to state 16
    INF             shift and go to state 15
    SUPEG           shift and go to state 10
    INFEG           shift and go to state 17
    EG              shift and go to state 11
    NEG             shift and go to state 21
    SI              shift and go to state 14
    ALORS           shift and go to state 13
    SINON           shift and go to state 19

  ! PLUS            [ reduce using rule 9 (expression -> expression EQUALS expression .) ]
  ! MINUS           [ reduce using rule 9 (expression -> expression EQUALS expression .) ]
  ! TIMES           [ reduce using rule 9 (expression -> expression EQUALS expression .) ]
  ! DIVIDE          [ reduce using rule 9 (expression -> expression EQUALS expression .) ]
  ! EQUALS          [ reduce using rule 9 (expression -> expression EQUALS expression .) ]
  ! SUP             [ reduce using rule 9 (expression -> expression EQUALS expression .) ]
  ! INF             [ reduce using rule 9 (expression -> expression EQUALS expression .) ]
  ! SUPEG           [ reduce using rule 9 (expression -> expression EQUALS expression .) ]
  ! INFEG           [ reduce using rule 9 (expression -> expression EQUALS expression .) ]
  ! EG              [ reduce using rule 9 (expression -> expression EQUALS expression .) ]
  ! NEG             [ reduce using rule 9 (expression -> expression EQUALS expression .) ]
  ! SI              [ reduce using rule 9 (expression -> expression EQUALS expression .) ]
  ! ALORS           [ reduce using rule 9 (expression -> expression EQUALS expression .) ]
  ! SINON           [ reduce using rule 9 (expression -> expression EQUALS expression .) ]


state 37

    (18) expression -> expression SINON expression .
    (5) expression -> expression . PLUS expression
    (6) expression -> expression . MINUS expression
    (7) expression -> expression . TIMES expression
    (8) expression -> expression . DIVIDE expression
    (9) expression -> expression . EQUALS expression
    (10) expression -> expression . SUP expression
    (11) expression -> expression . INF expression
    (12) expression -> expression . SUPEG expression
    (13) expression -> expression . INFEG expression
    (14) expression -> expression . EG expression
    (15) expression -> expression . NEG expression
    (16) expression -> expression . SI expression
    (17) expression -> expression . ALORS expression
    (18) expression -> expression . SINON expression

  ! shift/reduce conflict for PLUS resolved as shift
  ! shift/reduce conflict for MINUS resolved as shift
  ! shift/reduce conflict for TIMES resolved as shift
  ! shift/reduce conflict for DIVIDE resolved as shift
  ! shift/reduce conflict for EQUALS resolved as shift
  ! shift/reduce conflict for SUP resolved as shift
  ! shift/reduce conflict for INF resolved as shift
  ! shift/reduce conflict for SUPEG resolved as shift
  ! shift/reduce conflict for INFEG resolved as shift
  ! shift/reduce conflict for EG resolved as shift
  ! shift/reduce conflict for NEG resolved as shift
  ! shift/reduce conflict for SI resolved as shift
  ! shift/reduce conflict for ALORS resolved as shift
  ! shift/reduce conflict for SINON resolved as shift
    SEMICOLON       reduce using rule 18 (expression -> expression SINON expression .)
    $end            reduce using rule 18 (expression -> expression SINON expression .)
    RPAREN          reduce using rule 18 (expression -> expression SINON expression .)
    PLUS            shift and go to state 9
    MINUS           shift and go to state 22
    TIMES           shift and go to state 23
    DIVIDE          shift and go to state 20
    EQUALS          shift and go to state 18
    SUP             shift and go to state 16
    INF             shift and go to state 15
    SUPEG           shift and go to state 10
    INFEG           shift and go to state 17
    EG              shift and go to state 11
    NEG             shift and go to state 21
    SI              shift and go to state 14
    ALORS           shift and go to state 13
    SINON           shift and go to state 19

  ! PLUS            [ reduce using rule 18 (expression -> expression SINON expression .) ]
  ! MINUS           [ reduce using rule 18 (expression -> expression SINON expression .) ]
  ! TIMES           [ reduce using rule 18 (expression -> expression SINON expression .) ]
  ! DIVIDE          [ reduce using rule 18 (expression -> expression SINON expression .) ]
  ! EQUALS          [ reduce using rule 18 (expression -> expression SINON expression .) ]
  ! SUP             [ reduce using rule 18 (expression -> expression SINON expression .) ]
  ! INF             [ reduce using rule 18 (expression -> expression SINON expression .) ]
  ! SUPEG           [ reduce using rule 18 (expression -> expression SINON expression .) ]
  ! INFEG           [ reduce using rule 18 (expression -> expression SINON expression .) ]
  ! EG              [ reduce using rule 18 (expression -> expression SINON expression .) ]
  ! NEG             [ reduce using rule 18 (expression -> expression SINON expression .) ]
  ! SI              [ reduce using rule 18 (expression -> expression SINON expression .) ]
  ! ALORS           [ reduce using rule 18 (expression -> expression SINON expression .) ]
  ! SINON           [ reduce using rule 18 (expression -> expression SINON expression .) ]


state 38

    (8) expression -> expression DIVIDE expression .
    (5) expression -> expression . PLUS expression
    (6) expression -> expression . MINUS expression
    (7) expression -> expression . TIMES expression
    (8) expression -> expression . DIVIDE expression
    (9) expression -> expression . EQUALS expression
    (10) expression -> expression . SUP expression
    (11) expression -> expression . INF expression
    (12) expression -> expression . SUPEG expression
    (13) expression -> expression . INFEG expression
    (14) expression -> expression . EG expression
    (15) expression -> expression . NEG expression
    (16) expression -> expression . SI expression
    (17) expression -> expression . ALORS expression
    (18) expression -> expression . SINON expression

    PLUS            reduce using rule 8 (expression -> expression DIVIDE expression .)
    MINUS           reduce using rule 8 (expression -> expression DIVIDE expression .)
    TIMES           reduce using rule 8 (expression -> expression DIVIDE expression .)
    DIVIDE          reduce using rule 8 (expression -> expression DIVIDE expression .)
    EQUALS          reduce using rule 8 (expression -> expression DIVIDE expression .)
    SUP             reduce using rule 8 (expression -> expression DIVIDE expression .)
    INF             reduce using rule 8 (expression -> expression DIVIDE expression .)
    SUPEG           reduce using rule 8 (expression -> expression DIVIDE expression .)
    INFEG           reduce using rule 8 (expression -> expression DIVIDE expression .)
    EG              reduce using rule 8 (expression -> expression DIVIDE expression .)
    NEG             reduce using rule 8 (expression -> expression DIVIDE expression .)
    SI              reduce using rule 8 (expression -> expression DIVIDE expression .)
    ALORS           reduce using rule 8 (expression -> expression DIVIDE expression .)
    SINON           reduce using rule 8 (expression -> expression DIVIDE expression .)
    SEMICOLON       reduce using rule 8 (expression -> expression DIVIDE expression .)
    $end            reduce using rule 8 (expression -> expression DIVIDE expression .)
    RPAREN          reduce using rule 8 (expression -> expression DIVIDE expression .)

  ! PLUS            [ shift and go to state 9 ]
  ! MINUS           [ shift and go to state 22 ]
  ! TIMES           [ shift and go to state 23 ]
  ! DIVIDE          [ shift and go to state 20 ]
  ! EQUALS          [ shift and go to state 18 ]
  ! SUP             [ shift and go to state 16 ]
  ! INF             [ shift and go to state 15 ]
  ! SUPEG           [ shift and go to state 10 ]
  ! INFEG           [ shift and go to state 17 ]
  ! EG              [ shift and go to state 11 ]
  ! NEG             [ shift and go to state 21 ]
  ! SI              [ shift and go to state 14 ]
  ! ALORS           [ shift and go to state 13 ]
  ! SINON           [ shift and go to state 19 ]


state 39

    (15) expression -> expression NEG expression .
    (5) expression -> expression . PLUS expression
    (6) expression -> expression . MINUS expression
    (7) expression -> expression . TIMES expression
    (8) expression -> expression . DIVIDE expression
    (9) expression -> expression . EQUALS expression
    (10) expression -> expression . SUP expression
    (11) expression -> expression . INF expression
    (12) expression -> expression . SUPEG expression
    (13) expression -> expression . INFEG expression
    (14) expression -> expression . EG expression
    (15) expression -> expression . NEG expression
    (16) expression -> expression . SI expression
    (17) expression -> expression . ALORS expression
    (18) expression -> expression . SINON expression

  ! shift/reduce conflict for PLUS resolved as shift
  ! shift/reduce conflict for MINUS resolved as shift
  ! shift/reduce conflict for TIMES resolved as shift
  ! shift/reduce conflict for DIVIDE resolved as shift
  ! shift/reduce conflict for EQUALS resolved as shift
  ! shift/reduce conflict for SUP resolved as shift
  ! shift/reduce conflict for INF resolved as shift
  ! shift/reduce conflict for SUPEG resolved as shift
  ! shift/reduce conflict for INFEG resolved as shift
  ! shift/reduce conflict for EG resolved as shift
  ! shift/reduce conflict for NEG resolved as shift
  ! shift/reduce conflict for SI resolved as shift
  ! shift/reduce conflict for ALORS resolved as shift
  ! shift/reduce conflict for SINON resolved as shift
    SEMICOLON       reduce using rule 15 (expression -> expression NEG expression .)
    $end            reduce using rule 15 (expression -> expression NEG expression .)
    RPAREN          reduce using rule 15 (expression -> expression NEG expression .)
    PLUS            shift and go to state 9
    MINUS           shift and go to state 22
    TIMES           shift and go to state 23
    DIVIDE          shift and go to state 20
    EQUALS          shift and go to state 18
    SUP             shift and go to state 16
    INF             shift and go to state 15
    SUPEG           shift and go to state 10
    INFEG           shift and go to state 17
    EG              shift and go to state 11
    NEG             shift and go to state 21
    SI              shift and go to state 14
    ALORS           shift and go to state 13
    SINON           shift and go to state 19

  ! PLUS            [ reduce using rule 15 (expression -> expression NEG expression .) ]
  ! MINUS           [ reduce using rule 15 (expression -> expression NEG expression .) ]
  ! TIMES           [ reduce using rule 15 (expression -> expression NEG expression .) ]
  ! DIVIDE          [ reduce using rule 15 (expression -> expression NEG expression .) ]
  ! EQUALS          [ reduce using rule 15 (expression -> expression NEG expression .) ]
  ! SUP             [ reduce using rule 15 (expression -> expression NEG expression .) ]
  ! INF             [ reduce using rule 15 (expression -> expression NEG expression .) ]
  ! SUPEG           [ reduce using rule 15 (expression -> expression NEG expression .) ]
  ! INFEG           [ reduce using rule 15 (expression -> expression NEG expression .) ]
  ! EG              [ reduce using rule 15 (expression -> expression NEG expression .) ]
  ! NEG             [ reduce using rule 15 (expression -> expression NEG expression .) ]
  ! SI              [ reduce using rule 15 (expression -> expression NEG expression .) ]
  ! ALORS           [ reduce using rule 15 (expression -> expression NEG expression .) ]
  ! SINON           [ reduce using rule 15 (expression -> expression NEG expression .) ]


state 40

    (6) expression -> expression MINUS expression .
    (5) expression -> expression . PLUS expression
    (6) expression -> expression . MINUS expression
    (7) expression -> expression . TIMES expression
    (8) expression -> expression . DIVIDE expression
    (9) expression -> expression . EQUALS expression
    (10) expression -> expression . SUP expression
    (11) expression -> expression . INF expression
    (12) expression -> expression . SUPEG expression
    (13) expression -> expression . INFEG expression
    (14) expression -> expression . EG expression
    (15) expression -> expression . NEG expression
    (16) expression -> expression . SI expression
    (17) expression -> expression . ALORS expression
    (18) expression -> expression . SINON expression

    PLUS            reduce using rule 6 (expression -> expression MINUS expression .)
    MINUS           reduce using rule 6 (expression -> expression MINUS expression .)
    EQUALS          reduce using rule 6 (expression -> expression MINUS expression .)
    SUP             reduce using rule 6 (expression -> expression MINUS expression .)
    INF             reduce using rule 6 (expression -> expression MINUS expression .)
    SUPEG           reduce using rule 6 (expression -> expression MINUS expression .)
    INFEG           reduce using rule 6 (expression -> expression MINUS expression .)
    EG              reduce using rule 6 (expression -> expression MINUS expression .)
    NEG             reduce using rule 6 (expression -> expression MINUS expression .)
    SI              reduce using rule 6 (expression -> expression MINUS expression .)
    ALORS           reduce using rule 6 (expression -> expression MINUS expression .)
    SINON           reduce using rule 6 (expression -> expression MINUS expression .)
    SEMICOLON       reduce using rule 6 (expression -> expression MINUS expression .)
    $end            reduce using rule 6 (expression -> expression MINUS expression .)
    RPAREN          reduce using rule 6 (expression -> expression MINUS expression .)
    TIMES           shift and go to state 23
    DIVIDE          shift and go to state 20

  ! TIMES           [ reduce using rule 6 (expression -> expression MINUS expression .) ]
  ! DIVIDE          [ reduce using rule 6 (expression -> expression MINUS expression .) ]
  ! PLUS            [ shift and go to state 9 ]
  ! MINUS           [ shift and go to state 22 ]
  ! EQUALS          [ shift and go to state 18 ]
  ! SUP             [ shift and go to state 16 ]
  ! INF             [ shift and go to state 15 ]
  ! SUPEG           [ shift and go to state 10 ]
  ! INFEG           [ shift and go to state 17 ]
  ! EG              [ shift and go to state 11 ]
  ! NEG             [ shift and go to state 21 ]
  ! SI              [ shift and go to state 14 ]
  ! ALORS           [ shift and go to state 13 ]
  ! SINON           [ shift and go to state 19 ]


state 41

    (7) expression -> expression TIMES expression .
    (5) expression -> expression . PLUS expression
    (6) expression -> expression . MINUS expression
    (7) expression -> expression . TIMES expression
    (8) expression -> expression . DIVIDE expression
    (9) expression -> expression . EQUALS expression
    (10) expression -> expression . SUP expression
    (11) expression -> expression . INF expression
    (12) expression -> expression . SUPEG expression
    (13) expression -> expression . INFEG expression
    (14) expression -> expression . EG expression
    (15) expression -> expression . NEG expression
    (16) expression -> expression . SI expression
    (17) expression -> expression . ALORS expression
    (18) expression -> expression . SINON expression

    PLUS            reduce using rule 7 (expression -> expression TIMES expression .)
    MINUS           reduce using rule 7 (expression -> expression TIMES expression .)
    TIMES           reduce using rule 7 (expression -> expression TIMES expression .)
    DIVIDE          reduce using rule 7 (expression -> expression TIMES expression .)
    EQUALS          reduce using rule 7 (expression -> expression TIMES expression .)
    SUP             reduce using rule 7 (expression -> expression TIMES expression .)
    INF             reduce using rule 7 (expression -> expression TIMES expression .)
    SUPEG           reduce using rule 7 (expression -> expression TIMES expression .)
    INFEG           reduce using rule 7 (expression -> expression TIMES expression .)
    EG              reduce using rule 7 (expression -> expression TIMES expression .)
    NEG             reduce using rule 7 (expression -> expression TIMES expression .)
    SI              reduce using rule 7 (expression -> expression TIMES expression .)
    ALORS           reduce using rule 7 (expression -> expression TIMES expression .)
    SINON           reduce using rule 7 (expression -> expression TIMES expression .)
    SEMICOLON       reduce using rule 7 (expression -> expression TIMES expression .)
    $end            reduce using rule 7 (expression -> expression TIMES expression .)
    RPAREN          reduce using rule 7 (expression -> expression TIMES expression .)

  ! PLUS            [ shift and go to state 9 ]
  ! MINUS           [ shift and go to state 22 ]
  ! TIMES           [ shift and go to state 23 ]
  ! DIVIDE          [ shift and go to state 20 ]
  ! EQUALS          [ shift and go to state 18 ]
  ! SUP             [ shift and go to state 16 ]
  ! INF             [ shift and go to state 15 ]
  ! SUPEG           [ shift and go to state 10 ]
  ! INFEG           [ shift and go to state 17 ]
  ! EG              [ shift and go to state 11 ]
  ! NEG             [ shift and go to state 21 ]
  ! SI              [ shift and go to state 14 ]
  ! ALORS           [ shift and go to state 13 ]
  ! SINON           [ shift and go to state 19 ]


state 42

    (1) statement -> NAME EQUALS expression .
    (5) expression -> expression . PLUS expression
    (6) expression -> expression . MINUS expression
    (7) expression -> expression . TIMES expression
    (8) expression -> expression . DIVIDE expression
    (9) expression -> expression . EQUALS expression
    (10) expression -> expression . SUP expression
    (11) expression -> expression . INF expression
    (12) expression -> expression . SUPEG expression
    (13) expression -> expression . INFEG expression
    (14) expression -> expression . EG expression
    (15) expression -> expression . NEG expression
    (16) expression -> expression . SI expression
    (17) expression -> expression . ALORS expression
    (18) expression -> expression . SINON expression

    $end            reduce using rule 1 (statement -> NAME EQUALS expression .)
    PLUS            shift and go to state 9
    MINUS           shift and go to state 22
    TIMES           shift and go to state 23
    DIVIDE          shift and go to state 20
    EQUALS          shift and go to state 18
    SUP             shift and go to state 16
    INF             shift and go to state 15
    SUPEG           shift and go to state 10
    INFEG           shift and go to state 17
    EG              shift and go to state 11
    NEG             shift and go to state 21
    SI              shift and go to state 14
    ALORS           shift and go to state 13
    SINON           shift and go to state 19

WARNING: 
WARNING: Conflicts:
WARNING: 
WARNING: shift/reduce conflict for EQUALS in state 4 resolved as shift
WARNING: shift/reduce conflict for PLUS in state 28 resolved as shift
WARNING: shift/reduce conflict for MINUS in state 28 resolved as shift
WARNING: shift/reduce conflict for TIMES in state 28 resolved as shift
WARNING: shift/reduce conflict for DIVIDE in state 28 resolved as shift
WARNING: shift/reduce conflict for EQUALS in state 28 resolved as shift
WARNING: shift/reduce conflict for SUP in state 28 resolved as shift
WARNING: shift/reduce conflict for INF in state 28 resolved as shift
WARNING: shift/reduce conflict for SUPEG in state 28 resolved as shift
WARNING: shift/reduce conflict for INFEG in state 28 resolved as shift
WARNING: shift/reduce conflict for EG in state 28 resolved as shift
WARNING: shift/reduce conflict for NEG in state 28 resolved as shift
WARNING: shift/reduce conflict for SI in state 28 resolved as shift
WARNING: shift/reduce conflict for ALORS in state 28 resolved as shift
WARNING: shift/reduce conflict for SINON in state 28 resolved as shift
WARNING: shift/reduce conflict for PLUS in state 29 resolved as shift
WARNING: shift/reduce conflict for MINUS in state 29 resolved as shift
WARNING: shift/reduce conflict for TIMES in state 29 resolved as shift
WARNING: shift/reduce conflict for DIVIDE in state 29 resolved as shift
WARNING: shift/reduce conflict for EQUALS in state 29 resolved as shift
WARNING: shift/reduce conflict for SUP in state 29 resolved as shift
WARNING: shift/reduce conflict for INF in state 29 resolved as shift
WARNING: shift/reduce conflict for SUPEG in state 29 resolved as shift
WARNING: shift/reduce conflict for INFEG in state 29 resolved as shift
WARNING: shift/reduce conflict for EG in state 29 resolved as shift
WARNING: shift/reduce conflict for NEG in state 29 resolved as shift
WARNING: shift/reduce conflict for SI in state 29 resolved as shift
WARNING: shift/reduce conflict for ALORS in state 29 resolved as shift
WARNING: shift/reduce conflict for SINON in state 29 resolved as shift
WARNING: shift/reduce conflict for PLUS in state 31 resolved as shift
WARNING: shift/reduce conflict for MINUS in state 31 resolved as shift
WARNING: shift/reduce conflict for TIMES in state 31 resolved as shift
WARNING: shift/reduce conflict for DIVIDE in state 31 resolved as shift
WARNING: shift/reduce conflict for EQUALS in state 31 resolved as shift
WARNING: shift/reduce conflict for SUP in state 31 resolved as shift
WARNING: shift/reduce conflict for INF in state 31 resolved as shift
WARNING: shift/reduce conflict for SUPEG in state 31 resolved as shift
WARNING: shift/reduce conflict for INFEG in state 31 resolved as shift
WARNING: shift/reduce conflict for EG in state 31 resolved as shift
WARNING: shift/reduce conflict for NEG in state 31 resolved as shift
WARNING: shift/reduce conflict for SI in state 31 resolved as shift
WARNING: shift/reduce conflict for ALORS in state 31 resolved as shift
WARNING: shift/reduce conflict for SINON in state 31 resolved as shift
WARNING: shift/reduce conflict for PLUS in state 32 resolved as shift
WARNING: shift/reduce conflict for MINUS in state 32 resolved as shift
WARNING: shift/reduce conflict for TIMES in state 32 resolved as shift
WARNING: shift/reduce conflict for DIVIDE in state 32 resolved as shift
WARNING: shift/reduce conflict for EQUALS in state 32 resolved as shift
WARNING: shift/reduce conflict for SUP in state 32 resolved as shift
WARNING: shift/reduce conflict for INF in state 32 resolved as shift
WARNING: shift/reduce conflict for SUPEG in state 32 resolved as shift
WARNING: shift/reduce conflict for INFEG in state 32 resolved as shift
WARNING: shift/reduce conflict for EG in state 32 resolved as shift
WARNING: shift/reduce conflict for NEG in state 32 resolved as shift
WARNING: shift/reduce conflict for SI in state 32 resolved as shift
WARNING: shift/reduce conflict for ALORS in state 32 resolved as shift
WARNING: shift/reduce conflict for SINON in state 32 resolved as shift
WARNING: shift/reduce conflict for PLUS in state 33 resolved as shift
WARNING: shift/reduce conflict for MINUS in state 33 resolved as shift
WARNING: shift/reduce conflict for TIMES in state 33 resolved as shift
WARNING: shift/reduce conflict for DIVIDE in state 33 resolved as shift
WARNING: shift/reduce conflict for EQUALS in state 33 resolved as shift
WARNING: shift/reduce conflict for SUP in state 33 resolved as shift
WARNING: shift/reduce conflict for INF in state 33 resolved as shift
WARNING: shift/reduce conflict for SUPEG in state 33 resolved as shift
WARNING: shift/reduce conflict for INFEG in state 33 resolved as shift
WARNING: shift/reduce conflict for EG in state 33 resolved as shift
WARNING: shift/reduce conflict for NEG in state 33 resolved as shift
WARNING: shift/reduce conflict for SI in state 33 resolved as shift
WARNING: shift/reduce conflict for ALORS in state 33 resolved as shift
WARNING: shift/reduce conflict for SINON in state 33 resolved as shift
WARNING: shift/reduce conflict for PLUS in state 34 resolved as shift
WARNING: shift/reduce conflict for MINUS in state 34 resolved as shift
WARNING: shift/reduce conflict for TIMES in state 34 resolved as shift
WARNING: shift/reduce conflict for DIVIDE in state 34 resolved as shift
WARNING: shift/reduce conflict for EQUALS in state 34 resolved as shift
WARNING: shift/reduce conflict for SUP in state 34 resolved as shift
WARNING: shift/reduce conflict for INF in state 34 resolved as shift
WARNING: shift/reduce conflict for SUPEG in state 34 resolved as shift
WARNING: shift/reduce conflict for INFEG in state 34 resolved as shift
WARNING: shift/reduce conflict for EG in state 34 resolved as shift
WARNING: shift/reduce conflict for NEG in state 34 resolved as shift
WARNING: shift/reduce conflict for SI in state 34 resolved as shift
WARNING: shift/reduce conflict for ALORS in state 34 resolved as shift
WARNING: shift/reduce conflict for SINON in state 34 resolved as shift
WARNING: shift/reduce conflict for PLUS in state 35 resolved as shift
WARNING: shift/reduce conflict for MINUS in state 35 resolved as shift
WARNING: shift/reduce conflict for TIMES in state 35 resolved as shift
WARNING: shift/reduce conflict for DIVIDE in state 35 resolved as shift
WARNING: shift/reduce conflict for EQUALS in state 35 resolved as shift
WARNING: shift/reduce conflict for SUP in state 35 resolved as shift
WARNING: shift/reduce conflict for INF in state 35 resolved as shift
WARNING: shift/reduce conflict for SUPEG in state 35 resolved as shift
WARNING: shift/reduce conflict for INFEG in state 35 resolved as shift
WARNING: shift/reduce conflict for EG in state 35 resolved as shift
WARNING: shift/reduce conflict for NEG in state 35 resolved as shift
WARNING: shift/reduce conflict for SI in state 35 resolved as shift
WARNING: shift/reduce conflict for ALORS in state 35 resolved as shift
WARNING: shift/reduce conflict for SINON in state 35 resolved as shift
WARNING: shift/reduce conflict for PLUS in state 36 resolved as shift
WARNING: shift/reduce conflict for MINUS in state 36 resolved as shift
WARNING: shift/reduce conflict for TIMES in state 36 resolved as shift
WARNING: shift/reduce conflict for DIVIDE in state 36 resolved as shift
WARNING: shift/reduce conflict for EQUALS in state 36 resolved as shift
WARNING: shift/reduce conflict for SUP in state 36 resolved as shift
WARNING: shift/reduce conflict for INF in state 36 resolved as shift
WARNING: shift/reduce conflict for SUPEG in state 36 resolved as shift
WARNING: shift/reduce conflict for INFEG in state 36 resolved as shift
WARNING: shift/reduce conflict for EG in state 36 resolved as shift
WARNING: shift/reduce conflict for NEG in state 36 resolved as shift
WARNING: shift/reduce conflict for SI in state 36 resolved as shift
WARNING: shift/reduce conflict for ALORS in state 36 resolved as shift
WARNING: shift/reduce conflict for SINON in state 36 resolved as shift
WARNING: shift/reduce conflict for PLUS in state 37 resolved as shift
WARNING: shift/reduce conflict for MINUS in state 37 resolved as shift
WARNING: shift/reduce conflict for TIMES in state 37 resolved as shift
WARNING: shift/reduce conflict for DIVIDE in state 37 resolved as shift
WARNING: shift/reduce conflict for EQUALS in state 37 resolved as shift
WARNING: shift/reduce conflict for SUP in state 37 resolved as shift
WARNING: shift/reduce conflict for INF in state 37 resolved as shift
WARNING: shift/reduce conflict for SUPEG in state 37 resolved as shift
WARNING: shift/reduce conflict for INFEG in state 37 resolved as shift
WARNING: shift/reduce conflict for EG in state 37 resolved as shift
WARNING: shift/reduce conflict for NEG in state 37 resolved as shift
WARNING: shift/reduce conflict for SI in state 37 resolved as shift
WARNING: shift/reduce conflict for ALORS in state 37 resolved as shift
WARNING: shift/reduce conflict for SINON in state 37 resolved as shift
WARNING: shift/reduce conflict for PLUS in state 39 resolved as shift
WARNING: shift/reduce conflict for MINUS in state 39 resolved as shift
WARNING: shift/reduce conflict for TIMES in state 39 resolved as shift
WARNING: shift/reduce conflict for DIVIDE in state 39 resolved as shift
WARNING: shift/reduce conflict for EQUALS in state 39 resolved as shift
WARNING: shift/reduce conflict for SUP in state 39 resolved as shift
WARNING: shift/reduce conflict for INF in state 39 resolved as shift
WARNING: shift/reduce conflict for SUPEG in state 39 resolved as shift
WARNING: shift/reduce conflict for INFEG in state 39 resolved as shift
WARNING: shift/reduce conflict for EG in state 39 resolved as shift
WARNING: shift/reduce conflict for NEG in state 39 resolved as shift
WARNING: shift/reduce conflict for SI in state 39 resolved as shift
WARNING: shift/reduce conflict for ALORS in state 39 resolved as shift
WARNING: shift/reduce conflict for SINON in state 39 resolved as shift
